<?xml version="1.0" encoding="utf-8"?><testsuites name="pytest tests"><testsuite name="pytest" errors="0" failures="0" skipped="0" tests="18" time="6.987" timestamp="2026-09-15T15:19:55.499095+00:00" hostname="agent-env-4c92b23f-b0d5-4981-9b3b-f1c2127e08e7"><testcase classname="tests.test_arthaku_api" name="test_root" time="0.286" /><testcase classname="tests.test_arthaku_api" name="test_auth_me_no_token" time="0.226" /><testcase classname="tests.test_arthaku_api" name="test_auth_me_invalid_token" time="0.206" /><testcase classname="tests.test_arthaku_api" name="test_auth_me_valid" time="0.261" /><testcase classname="tests.test_arthaku_api" name="test_auth_theme_update" time="0.291" /><testcase classname="tests.test_arthaku_api" name="test_categories_autoseed" time="0.224" /><testcase classname="tests.test_arthaku_api" name="test_categories_no_reseed" time="0.228" /><testcase classname="tests.test_arthaku_api" name="test_create_custom_category_and_delete" time="0.363" /><testcase classname="tests.test_arthaku_api" name="test_delete_default_category_forbidden" time="0.209" /><testcase classname="tests.test_arthaku_api" name="test_create_category_invalid_type" time="0.116" /><testcase classname="tests.test_arthaku_api" name="test_transaction_crud_flow" time="0.954" /><testcase classname="tests.test_arthaku_api" name="test_transaction_invalid_category" time="0.208" /><testcase classname="tests.test_arthaku_api" name="test_transaction_invalid_type" time="0.254" /><testcase classname="tests.test_arthaku_api" name="test_reports_summary_periods" time="0.680" /><testcase classname="tests.test_arthaku_api" name="test_export_excel" time="0.178" /><testcase classname="tests.test_arthaku_api" name="test_export_pdf" time="0.170" /><testcase classname="tests.test_arthaku_api" name="test_user_data_isolation" time="0.705" /><testcase classname="tests.test_arthaku_api" name="test_logout_clears_session" time="0.316" /></testsuite></testsuites>