<?xml version="1.0" encoding="utf-8"?><testsuites name="pytest tests"><testsuite name="pytest" errors="0" failures="0" skipped="0" tests="19" time="7.889" timestamp="2026-09-15T17:10:51.624418+00:00" hostname="agent-env-4c92b23f-b0d5-4981-9b3b-f1c2127e08e7"><testcase classname="tests.test_arthaku_api" name="test_root" time="0.311" /><testcase classname="tests.test_arthaku_api" name="test_auth_google_invalid_code" time="0.354" /><testcase classname="tests.test_arthaku_api" name="test_auth_me_no_token" time="0.170" /><testcase classname="tests.test_arthaku_api" name="test_auth_me_invalid_token" time="0.217" /><testcase classname="tests.test_arthaku_api" name="test_auth_me_valid" time="0.256" /><testcase classname="tests.test_arthaku_api" name="test_auth_theme_update" time="0.240" /><testcase classname="tests.test_arthaku_api" name="test_categories_autoseed" time="0.176" /><testcase classname="tests.test_arthaku_api" name="test_categories_no_reseed" time="0.196" /><testcase classname="tests.test_arthaku_api" name="test_create_custom_category_and_delete" time="0.457" /><testcase classname="tests.test_arthaku_api" name="test_delete_default_category_forbidden" time="0.368" /><testcase classname="tests.test_arthaku_api" name="test_create_category_invalid_type" time="0.164" /><testcase classname="tests.test_arthaku_api" name="test_transaction_crud_flow" time="0.897" /><testcase classname="tests.test_arthaku_api" name="test_transaction_invalid_category" time="0.215" /><testcase classname="tests.test_arthaku_api" name="test_transaction_invalid_type" time="0.261" /><testcase classname="tests.test_arthaku_api" name="test_reports_summary_periods" time="0.932" /><testcase classname="tests.test_arthaku_api" name="test_export_excel" time="0.200" /><testcase classname="tests.test_arthaku_api" name="test_export_pdf" time="0.169" /><testcase classname="tests.test_arthaku_api" name="test_user_data_isolation" time="0.700" /><testcase classname="tests.test_arthaku_api" name="test_logout_clears_session" time="0.366" /></testsuite></testsuites>